<!DOCTYPE html>

<html>
  <head>
  <meta charset='utf-8'>
  <title>TestNG reports</title>

    <link type="text/css" href="testng-reports.css" rel="stylesheet" />
    <script type="text/javascript" src="jquery-1.7.1.min.js"></script>
    <script type="text/javascript" src="testng-reports.js"></script>
    <script type="text/javascript" src="https://www.google.com/jsapi"></script>
    <script type='text/javascript'>
      google.load('visualization', '1', {packages:['table']});
      google.setOnLoadCallback(drawTable);
      var suiteTableInitFunctions = new Array();
      var suiteTableData = new Array();
    </script>
    <!--
      <script type="text/javascript" src="jquery-ui/js/jquery-ui-1.8.16.custom.min.js"></script>
     -->
  </head>

  <body>
    <div class="top-banner-root">
      <span class="top-banner-title-font">Test results</span>
      <br/>
      <span class="top-banner-font-1">1 suite, 2 failed tests</span>
    </div> <!-- top-banner-root -->
    <div class="navigator-root">
      <div class="navigator-suite-header">
        <span>All suites</span>
        <a href="#" class="collapse-all-link" title="Collapse/expand all the suites">
          <img class="collapse-all-icon" src="collapseall.gif">
          </img> <!-- collapse-all-icon -->
        </a> <!-- collapse-all-link -->
      </div> <!-- navigator-suite-header -->
      <div class="suite">
        <div class="rounded-window">
          <div class="suite-header light-rounded-window-top">
            <a href="#" class="navigator-link" panel-name="suite-SampleSuite">
              <span class="suite-name border-failed">SampleSuite</span>
            </a> <!-- navigator-link -->
          </div> <!-- suite-header light-rounded-window-top -->
          <div class="navigator-suite-content">
            <div class="suite-section-title">
              <span>Info</span>
            </div> <!-- suite-section-title -->
            <div class="suite-section-content">
              <ul>
                <li>
                  <a href="#" class="navigator-link " panel-name="test-xml-SampleSuite">
                    <span>testng.xml</span>
                  </a> <!-- navigator-link  -->
                </li>
                <li>
                  <a href="#" class="navigator-link " panel-name="testlist-SampleSuite">
                    <span class="test-stats">1 test</span>
                  </a> <!-- navigator-link  -->
                </li>
                <li>
                  <a href="#" class="navigator-link " panel-name="group-SampleSuite">
                    <span>0 groups</span>
                  </a> <!-- navigator-link  -->
                </li>
                <li>
                  <a href="#" class="navigator-link " panel-name="times-SampleSuite">
                    <span>Times</span>
                  </a> <!-- navigator-link  -->
                </li>
                <li>
                  <a href="#" class="navigator-link " panel-name="reporter-SampleSuite">
                    <span>Reporter output</span>
                  </a> <!-- navigator-link  -->
                </li>
                <li>
                  <a href="#" class="navigator-link " panel-name="ignored-methods-SampleSuite">
                    <span>Ignored methods</span>
                  </a> <!-- navigator-link  -->
                </li>
                <li>
                  <a href="#" class="navigator-link " panel-name="chronological-SampleSuite">
                    <span>Chronological view</span>
                  </a> <!-- navigator-link  -->
                </li>
              </ul>
            </div> <!-- suite-section-content -->
            <div class="result-section">
              <div class="suite-section-title">
                <span>Results</span>
              </div> <!-- suite-section-title -->
              <div class="suite-section-content">
                <ul>
                  <li>
                    <span class="method-stats">5 methods, 2 failed,   3 passed</span>
                  </li>
                  <li>
                    <span class="method-list-title failed">Failed methods</span>
                    <span class="show-or-hide-methods failed">
                      <a href="#" panel-name="suite-SampleSuite" class="hide-methods failed suite-SampleSuite"> (hide)</a> <!-- hide-methods failed suite-SampleSuite -->
                      <a href="#" panel-name="suite-SampleSuite" class="show-methods failed suite-SampleSuite"> (show)</a> <!-- show-methods failed suite-SampleSuite -->
                    </span>
                    <div class="method-list-content failed suite-SampleSuite">
                      <span>
                        <img width="3%" src="failed.png"/>
                        <a href="#" class="method navigator-link" panel-name="suite-SampleSuite" title="TestPackage.TestCases.LandingPageTests" hash-for-method="validateDeletingMovie">validateDeletingMovie</a> <!-- method navigator-link -->
                      </span>
                      <br/>
                      <span>
                        <img width="3%" src="failed.png"/>
                        <a href="#" class="method navigator-link" panel-name="suite-SampleSuite" title="TestPackage.TestCases.LandingPageTests" hash-for-method="validateSelectingAnyMovie">validateSelectingAnyMovie</a> <!-- method navigator-link -->
                      </span>
                      <br/>
                    </div> <!-- method-list-content failed suite-SampleSuite -->
                  </li>
                  <li>
                    <span class="method-list-title passed">Passed methods</span>
                    <span class="show-or-hide-methods passed">
                      <a href="#" panel-name="suite-SampleSuite" class="hide-methods passed suite-SampleSuite"> (hide)</a> <!-- hide-methods passed suite-SampleSuite -->
                      <a href="#" panel-name="suite-SampleSuite" class="show-methods passed suite-SampleSuite"> (show)</a> <!-- show-methods passed suite-SampleSuite -->
                    </span>
                    <div class="method-list-content passed suite-SampleSuite">
                      <span>
                        <img width="3%" src="passed.png"/>
                        <a href="#" class="method navigator-link" panel-name="suite-SampleSuite" title="TestPackage.TestCases.LandingPageTests" hash-for-method="validateLandingPage">validateLandingPage</a> <!-- method navigator-link -->
                      </span>
                      <br/>
                      <span>
                        <img width="3%" src="passed.png"/>
                        <a href="#" class="method navigator-link" panel-name="suite-SampleSuite" title="TestPackage.TestCases.LandingPageTests" hash-for-method="validatePagination">validatePagination</a> <!-- method navigator-link -->
                      </span>
                      <br/>
                      <span>
                        <img width="3%" src="passed.png"/>
                        <a href="#" class="method navigator-link" panel-name="suite-SampleSuite" title="TestPackage.TestCases.LandingPageTests" hash-for-method="validateSearchingAnyMovie">validateSearchingAnyMovie</a> <!-- method navigator-link -->
                      </span>
                      <br/>
                    </div> <!-- method-list-content passed suite-SampleSuite -->
                  </li>
                </ul>
              </div> <!-- suite-section-content -->
            </div> <!-- result-section -->
          </div> <!-- navigator-suite-content -->
        </div> <!-- rounded-window -->
      </div> <!-- suite -->
    </div> <!-- navigator-root -->
    <div class="wrapper">
      <div class="main-panel-root">
        <div panel-name="suite-SampleSuite" class="panel SampleSuite">
          <div class="suite-SampleSuite-class-failed">
            <div class="main-panel-header rounded-window-top">
              <img src="failed.png"/>
              <span class="class-name">TestPackage.TestCases.LandingPageTests</span>
            </div> <!-- main-panel-header rounded-window-top -->
            <div class="main-panel-content rounded-window-bottom">
              <div class="method">
                <div class="method-content">
                  <a name="validateDeletingMovie">
                  </a> <!-- validateDeletingMovie -->
                  <span class="method-name">validateDeletingMovie</span>
                  <div class="stack-trace">org.openqa.selenium.NoSuchElementException: no such element: Unable to locate element: {&quot;method&quot;:&quot;css selector&quot;,&quot;selector&quot;:&quot;[alt=&quot;Gulliver&apos;s Travels&quot;]&quot;}
  (Session info: chrome=91.0.4472.106)
For documentation on this error, please visit: http://seleniumhq.org/exceptions/no_such_element.html
Build info: version: &apos;3.14.0&apos;, revision: &apos;aacccce0&apos;, time: &apos;2018-08-02T20:19:58.91Z&apos;
System info: host: &apos;C02T42NUG8WN&apos;, ip: &apos;2409:4071:211a:233:e1b3:550a:3da8:e798%en0&apos;, os.name: &apos;Mac OS X&apos;, os.arch: &apos;x86_64&apos;, os.version: &apos;10.16&apos;, java.version: &apos;1.8.0_271&apos;
Driver info: org.openqa.selenium.chrome.ChromeDriver
Capabilities {acceptInsecureCerts: false, browserName: chrome, browserVersion: 91.0.4472.106, chrome: {chromedriverVersion: 91.0.4472.19 (1bf021f248676..., userDataDir: /var/folders/7g/zl2wsf3j4yz...}, goog:chromeOptions: {debuggerAddress: localhost:49217}, javascriptEnabled: true, networkConnectionEnabled: false, pageLoadStrategy: normal, platform: MAC, platformName: MAC, proxy: Proxy(), setWindowRect: true, strictFileInteractability: false, timeouts: {implicit: 0, pageLoad: 300000, script: 30000}, unhandledPromptBehavior: dismiss and notify, webauthn:extension:largeBlob: true, webauthn:virtualAuthenticators: true}
Session ID: 273e552fda393d883f1c6fd084f39942
*** Element info: {Using=css selector, value=[alt=&quot;Gulliver&apos;s Travels&quot;]}
	at org.openqa.selenium.remote.http.W3CHttpResponseCodec.createException(W3CHttpResponseCodec.java:187)
	at org.openqa.selenium.remote.http.W3CHttpResponseCodec.decode(W3CHttpResponseCodec.java:122)
	at org.openqa.selenium.remote.http.W3CHttpResponseCodec.decode(W3CHttpResponseCodec.java:49)
	at org.openqa.selenium.remote.HttpCommandExecutor.execute(HttpCommandExecutor.java:158)
	at org.openqa.selenium.remote.service.DriverCommandExecutor.execute(DriverCommandExecutor.java:83)
	at org.openqa.selenium.remote.RemoteWebDriver.execute(RemoteWebDriver.java:548)
	at org.openqa.selenium.remote.RemoteWebDriver.findElement(RemoteWebDriver.java:322)
	at org.openqa.selenium.remote.RemoteWebDriver.findElementByCssSelector(RemoteWebDriver.java:416)
	at org.openqa.selenium.By$ByCssSelector.findElement(By.java:431)
	at org.openqa.selenium.remote.RemoteWebDriver.findElement(RemoteWebDriver.java:314)
	at org.openqa.selenium.support.pagefactory.DefaultElementLocator.findElement(DefaultElementLocator.java:69)
	at org.openqa.selenium.support.pagefactory.internal.LocatingElementHandler.invoke(LocatingElementHandler.java:38)
	at com.sun.proxy.$Proxy10.click(Unknown Source)
	at TestPackage.Pages.LandingPage.selectMovie(LandingPage.java:42)
	at TestPackage.Pages.LandingPage.deleteMovie(LandingPage.java:77)
	at TestPackage.TestCases.LandingPageTests.validateDeletingMovie(LandingPageTests.java:62)
... Removed 29 stack frames
</div> <!-- stack-trace -->
                </div> <!-- method-content -->
              </div> <!-- method -->
              <div class="method">
                <div class="method-content">
                  <a name="validateSelectingAnyMovie">
                  </a> <!-- validateSelectingAnyMovie -->
                  <span class="method-name">validateSelectingAnyMovie</span>
                  <div class="stack-trace">org.openqa.selenium.NoSuchElementException: no such element: Unable to locate element: {&quot;method&quot;:&quot;css selector&quot;,&quot;selector&quot;:&quot;[alt=&quot;Gulliver&apos;s Travels&quot;]&quot;}
  (Session info: chrome=91.0.4472.106)
For documentation on this error, please visit: http://seleniumhq.org/exceptions/no_such_element.html
Build info: version: &apos;3.14.0&apos;, revision: &apos;aacccce0&apos;, time: &apos;2018-08-02T20:19:58.91Z&apos;
System info: host: &apos;C02T42NUG8WN&apos;, ip: &apos;2409:4071:211a:233:e1b3:550a:3da8:e798%en0&apos;, os.name: &apos;Mac OS X&apos;, os.arch: &apos;x86_64&apos;, os.version: &apos;10.16&apos;, java.version: &apos;1.8.0_271&apos;
Driver info: org.openqa.selenium.chrome.ChromeDriver
Capabilities {acceptInsecureCerts: false, browserName: chrome, browserVersion: 91.0.4472.106, chrome: {chromedriverVersion: 91.0.4472.19 (1bf021f248676..., userDataDir: /var/folders/7g/zl2wsf3j4yz...}, goog:chromeOptions: {debuggerAddress: localhost:49217}, javascriptEnabled: true, networkConnectionEnabled: false, pageLoadStrategy: normal, platform: MAC, platformName: MAC, proxy: Proxy(), setWindowRect: true, strictFileInteractability: false, timeouts: {implicit: 0, pageLoad: 300000, script: 30000}, unhandledPromptBehavior: dismiss and notify, webauthn:extension:largeBlob: true, webauthn:virtualAuthenticators: true}
Session ID: 273e552fda393d883f1c6fd084f39942
*** Element info: {Using=css selector, value=[alt=&quot;Gulliver&apos;s Travels&quot;]}
	at org.openqa.selenium.remote.http.W3CHttpResponseCodec.createException(W3CHttpResponseCodec.java:187)
	at org.openqa.selenium.remote.http.W3CHttpResponseCodec.decode(W3CHttpResponseCodec.java:122)
	at org.openqa.selenium.remote.http.W3CHttpResponseCodec.decode(W3CHttpResponseCodec.java:49)
	at org.openqa.selenium.remote.HttpCommandExecutor.execute(HttpCommandExecutor.java:158)
	at org.openqa.selenium.remote.service.DriverCommandExecutor.execute(DriverCommandExecutor.java:83)
	at org.openqa.selenium.remote.RemoteWebDriver.execute(RemoteWebDriver.java:548)
	at org.openqa.selenium.remote.RemoteWebDriver.findElement(RemoteWebDriver.java:322)
	at org.openqa.selenium.remote.RemoteWebDriver.findElementByCssSelector(RemoteWebDriver.java:416)
	at org.openqa.selenium.By$ByCssSelector.findElement(By.java:431)
	at org.openqa.selenium.remote.RemoteWebDriver.findElement(RemoteWebDriver.java:314)
	at org.openqa.selenium.support.pagefactory.DefaultElementLocator.findElement(DefaultElementLocator.java:69)
	at org.openqa.selenium.support.pagefactory.internal.LocatingElementHandler.invoke(LocatingElementHandler.java:38)
	at com.sun.proxy.$Proxy10.click(Unknown Source)
	at TestPackage.Pages.LandingPage.selectMovie(LandingPage.java:42)
	at TestPackage.TestCases.LandingPageTests.validateSelectingAnyMovie(LandingPageTests.java:30)
... Removed 29 stack frames
</div> <!-- stack-trace -->
                </div> <!-- method-content -->
              </div> <!-- method -->
            </div> <!-- main-panel-content rounded-window-bottom -->
          </div> <!-- suite-SampleSuite-class-failed -->
          <div class="suite-SampleSuite-class-passed">
            <div class="main-panel-header rounded-window-top">
              <img src="passed.png"/>
              <span class="class-name">TestPackage.TestCases.LandingPageTests</span>
            </div> <!-- main-panel-header rounded-window-top -->
            <div class="main-panel-content rounded-window-bottom">
              <div class="method">
                <div class="method-content">
                  <a name="validateLandingPage">
                  </a> <!-- validateLandingPage -->
                  <span class="method-name">validateLandingPage</span>
                </div> <!-- method-content -->
              </div> <!-- method -->
              <div class="method">
                <div class="method-content">
                  <a name="validatePagination">
                  </a> <!-- validatePagination -->
                  <span class="method-name">validatePagination</span>
                </div> <!-- method-content -->
              </div> <!-- method -->
              <div class="method">
                <div class="method-content">
                  <a name="validateSearchingAnyMovie">
                  </a> <!-- validateSearchingAnyMovie -->
                  <span class="method-name">validateSearchingAnyMovie</span>
                </div> <!-- method-content -->
              </div> <!-- method -->
            </div> <!-- main-panel-content rounded-window-bottom -->
          </div> <!-- suite-SampleSuite-class-passed -->
        </div> <!-- panel SampleSuite -->
        <div panel-name="test-xml-SampleSuite" class="panel">
          <div class="main-panel-header rounded-window-top">
            <span class="header-content">/Users/slinger/Downloads/imran/Personal/SampleProject/TestProject/testng.xml</span>
          </div> <!-- main-panel-header rounded-window-top -->
          <div class="main-panel-content rounded-window-bottom">
            <pre>
&lt;?xml version=&quot;1.0&quot; encoding=&quot;UTF-8&quot;?&gt;
&lt;!DOCTYPE suite SYSTEM &quot;http://testng.org/testng-1.0.dtd&quot;&gt;
&lt;suite guice-stage=&quot;DEVELOPMENT&quot; name=&quot;SampleSuite&quot;&gt;
  &lt;test thread-count=&quot;5&quot; name=&quot;SampleTest&quot;&gt;
    &lt;classes&gt;
      &lt;class name=&quot;TestPackage.TestCases.LandingPageTests&quot;/&gt;
    &lt;/classes&gt;
  &lt;/test&gt; &lt;!-- SampleTest --&gt;
&lt;/suite&gt; &lt;!-- SampleSuite --&gt;
            </pre>
          </div> <!-- main-panel-content rounded-window-bottom -->
        </div> <!-- panel -->
        <div panel-name="testlist-SampleSuite" class="panel">
          <div class="main-panel-header rounded-window-top">
            <span class="header-content">Tests for SampleSuite</span>
          </div> <!-- main-panel-header rounded-window-top -->
          <div class="main-panel-content rounded-window-bottom">
            <ul>
              <li>
                <span class="test-name">SampleTest (1 class)</span>
              </li>
            </ul>
          </div> <!-- main-panel-content rounded-window-bottom -->
        </div> <!-- panel -->
        <div panel-name="group-SampleSuite" class="panel">
          <div class="main-panel-header rounded-window-top">
            <span class="header-content">Groups for SampleSuite</span>
          </div> <!-- main-panel-header rounded-window-top -->
          <div class="main-panel-content rounded-window-bottom">
          </div> <!-- main-panel-content rounded-window-bottom -->
        </div> <!-- panel -->
        <div panel-name="times-SampleSuite" class="panel">
          <div class="main-panel-header rounded-window-top">
            <span class="header-content">Times for SampleSuite</span>
          </div> <!-- main-panel-header rounded-window-top -->
          <div class="main-panel-content rounded-window-bottom">
            <div class="times-div">
              <script type="text/javascript">
suiteTableInitFunctions.push('tableData_SampleSuite');
function tableData_SampleSuite() {
var data = new google.visualization.DataTable();
data.addColumn('number', 'Number');
data.addColumn('string', 'Method');
data.addColumn('string', 'Class');
data.addColumn('number', 'Time (ms)');
data.addRows(5);
data.setCell(0, 0, 0)
data.setCell(0, 1, 'validateDeletingMovie')
data.setCell(0, 2, 'TestPackage.TestCases.LandingPageTests')
data.setCell(0, 3, 30078);
data.setCell(1, 0, 1)
data.setCell(1, 1, 'validateSelectingAnyMovie')
data.setCell(1, 2, 'TestPackage.TestCases.LandingPageTests')
data.setCell(1, 3, 30039);
data.setCell(2, 0, 2)
data.setCell(2, 1, 'validateSearchingAnyMovie')
data.setCell(2, 2, 'TestPackage.TestCases.LandingPageTests')
data.setCell(2, 3, 7227);
data.setCell(3, 0, 3)
data.setCell(3, 1, 'validatePagination')
data.setCell(3, 2, 'TestPackage.TestCases.LandingPageTests')
data.setCell(3, 3, 2113);
data.setCell(4, 0, 4)
data.setCell(4, 1, 'validateLandingPage')
data.setCell(4, 2, 'TestPackage.TestCases.LandingPageTests')
data.setCell(4, 3, 64);
window.suiteTableData['SampleSuite']= { tableData: data, tableDiv: 'times-div-SampleSuite'}
return data;
}
              </script>
              <span class="suite-total-time">Total running time: 1 minutes</span>
              <div id="times-div-SampleSuite">
              </div> <!-- times-div-SampleSuite -->
            </div> <!-- times-div -->
          </div> <!-- main-panel-content rounded-window-bottom -->
        </div> <!-- panel -->
        <div panel-name="reporter-SampleSuite" class="panel">
          <div class="main-panel-header rounded-window-top">
            <span class="header-content">Reporter output for SampleSuite</span>
          </div> <!-- main-panel-header rounded-window-top -->
          <div class="main-panel-content rounded-window-bottom">
          </div> <!-- main-panel-content rounded-window-bottom -->
        </div> <!-- panel -->
        <div panel-name="ignored-methods-SampleSuite" class="panel">
          <div class="main-panel-header rounded-window-top">
            <span class="header-content">0 ignored methods</span>
          </div> <!-- main-panel-header rounded-window-top -->
          <div class="main-panel-content rounded-window-bottom">
          </div> <!-- main-panel-content rounded-window-bottom -->
        </div> <!-- panel -->
        <div panel-name="chronological-SampleSuite" class="panel">
          <div class="main-panel-header rounded-window-top">
            <span class="header-content">Methods in chronological order</span>
          </div> <!-- main-panel-header rounded-window-top -->
          <div class="main-panel-content rounded-window-bottom">
            <div class="chronological-class">
              <div class="chronological-class-name">TestPackage.TestCases.LandingPageTests</div> <!-- chronological-class-name -->
              <div class="configuration-suite before">
                <span class="method-name">setupExtentReport</span>
                <span class="method-start">0 ms</span>
              </div> <!-- configuration-suite before -->
              <div class="test-method">
                <span class="method-name">validateLandingPage</span>
                <span class="method-start">9774 ms</span>
              </div> <!-- test-method -->
              <div class="configuration-method after">
                <span class="method-name">reloadLandingPage</span>
                <span class="method-start">9839 ms</span>
              </div> <!-- configuration-method after -->
              <div class="configuration-method after">
                <span class="method-name">tearDown([TestResult name=validateLandingPage status=SUCCESS method=LandingPageTests.validateLandingPage()[pr...)</span>
                <span class="method-start">13604 ms</span>
              </div> <!-- configuration-method after -->
              <div class="test-method">
                <img src="failed.png">
                </img>
                <span class="method-name">validateSelectingAnyMovie</span>
                <span class="method-start">15828 ms</span>
              </div> <!-- test-method -->
              <div class="configuration-method after">
                <span class="method-name">reloadLandingPage</span>
                <span class="method-start">45869 ms</span>
              </div> <!-- configuration-method after -->
              <div class="configuration-method after">
                <span class="method-name">tearDown([TestResult name=validateSelectingAnyMovie status=FAILURE method=LandingPageTests.validateSelectingA...)</span>
                <span class="method-start">50059 ms</span>
              </div> <!-- configuration-method after -->
              <div class="test-method">
                <span class="method-name">validateSearchingAnyMovie</span>
                <span class="method-start">53530 ms</span>
              </div> <!-- test-method -->
              <div class="configuration-method after">
                <span class="method-name">reloadLandingPage</span>
                <span class="method-start">60758 ms</span>
              </div> <!-- configuration-method after -->
              <div class="configuration-method after">
                <span class="method-name">tearDown([TestResult name=validateSearchingAnyMovie status=SUCCESS method=LandingPageTests.validateSearchingA...)</span>
                <span class="method-start">64766 ms</span>
              </div> <!-- configuration-method after -->
              <div class="test-method">
                <span class="method-name">validatePagination</span>
                <span class="method-start">66822 ms</span>
              </div> <!-- test-method -->
              <div class="configuration-method after">
                <span class="method-name">reloadLandingPage</span>
                <span class="method-start">68936 ms</span>
              </div> <!-- configuration-method after -->
              <div class="configuration-method after">
                <span class="method-name">tearDown([TestResult name=validatePagination status=SUCCESS method=LandingPageTests.validatePagination()[pri:...)</span>
                <span class="method-start">72351 ms</span>
              </div> <!-- configuration-method after -->
              <div class="test-method">
                <img src="failed.png">
                </img>
                <span class="method-name">validateDeletingMovie</span>
                <span class="method-start">74386 ms</span>
              </div> <!-- test-method -->
              <div class="configuration-method after">
                <span class="method-name">reloadLandingPage</span>
                <span class="method-start">104465 ms</span>
              </div> <!-- configuration-method after -->
              <div class="configuration-method after">
                <span class="method-name">tearDown([TestResult name=validateDeletingMovie status=FAILURE method=LandingPageTests.validateDeletingMovie(...)</span>
                <span class="method-start">107810 ms</span>
              </div> <!-- configuration-method after -->
              <div class="configuration-suite after">
                <span class="method-name">quitDriver</span>
                <span class="method-start">111220 ms</span>
              </div> <!-- configuration-suite after -->
          </div> <!-- main-panel-content rounded-window-bottom -->
        </div> <!-- panel -->
      </div> <!-- main-panel-root -->
    </div> <!-- wrapper -->
  </body>
</html>
