<?xml version="1.0" encoding="UTF-8"?>
<testng-results skipped="0" failed="2" ignored="0" total="5" passed="3">
  <reporter-output>
  </reporter-output>
  <suite name="SampleSuite" duration-ms="101432" started-at="2021-06-16T12:26:13Z" finished-at="2021-06-16T12:27:55Z">
    <groups>
    </groups>
    <test name="SampleTest" duration-ms="101432" started-at="2021-06-16T12:26:13Z" finished-at="2021-06-16T12:27:55Z">
      <class name="TestPackage.TestCases.LandingPageTests">
        <test-method status="PASS" signature="setupExtentReport()[pri:0, instance:TestPackage.TestCases.LandingPageTests@769e7ee8]" name="setupExtentReport" is-config="true" duration-ms="9758" started-at="2021-06-16T12:26:03Z" finished-at="2021-06-16T12:26:13Z">
          <reporter-output>
          </reporter-output>
        </test-method> <!-- setupExtentReport -->
        <test-method status="PASS" signature="validateLandingPage()[pri:1, instance:TestPackage.TestCases.LandingPageTests@769e7ee8]" name="validateLandingPage" duration-ms="64" started-at="2021-06-16T12:26:13Z" finished-at="2021-06-16T12:26:13Z">
          <reporter-output>
          </reporter-output>
        </test-method> <!-- validateLandingPage -->
        <test-method status="PASS" signature="reloadLandingPage()[pri:0, instance:TestPackage.TestCases.LandingPageTests@769e7ee8]" name="reloadLandingPage" is-config="true" duration-ms="3765" started-at="2021-06-16T12:26:13Z" finished-at="2021-06-16T12:26:17Z">
          <reporter-output>
          </reporter-output>
        </test-method> <!-- reloadLandingPage -->
        <test-method status="PASS" signature="tearDown(org.testng.ITestResult)[pri:0, instance:TestPackage.TestCases.LandingPageTests@769e7ee8]" name="tearDown" is-config="true" duration-ms="2222" started-at="2021-06-16T12:26:17Z" finished-at="2021-06-16T12:26:19Z">
          <params>
            <param index="0">
              <value>
                <![CDATA[[TestResult name=validateLandingPage status=SUCCESS method=LandingPageTests.validateLandingPage()[pri:1, instance:TestPackage.TestCases.LandingPageTests@769e7ee8] output={null}]]]>
              </value>
            </param>
          </params>
          <reporter-output>
          </reporter-output>
        </test-method> <!-- tearDown -->
        <test-method status="FAIL" signature="validateSelectingAnyMovie()[pri:2, instance:TestPackage.TestCases.LandingPageTests@769e7ee8]" name="validateSelectingAnyMovie" duration-ms="30039" started-at="2021-06-16T12:26:19Z" finished-at="2021-06-16T12:26:49Z">
          <exception class="org.openqa.selenium.NoSuchElementException">
            <message>
              <![CDATA[no such element: Unable to locate element: {"method":"css selector","selector":"[alt="Gulliver's Travels"]"}
  (Session info: chrome=91.0.4472.106)
For documentation on this error, please visit: http://seleniumhq.org/exceptions/no_such_element.html
Build info: version: '3.14.0', revision: 'aacccce0', time: '2018-08-02T20:19:58.91Z'
System info: host: 'C02T42NUG8WN', ip: '2409:4071:211a:233:e1b3:550a:3da8:e798%en0', os.name: 'Mac OS X', os.arch: 'x86_64', os.version: '10.16', java.version: '1.8.0_271'
Driver info: org.openqa.selenium.chrome.ChromeDriver
Capabilities {acceptInsecureCerts: false, browserName: chrome, browserVersion: 91.0.4472.106, chrome: {chromedriverVersion: 91.0.4472.19 (1bf021f248676..., userDataDir: /var/folders/7g/zl2wsf3j4yz...}, goog:chromeOptions: {debuggerAddress: localhost:49217}, javascriptEnabled: true, networkConnectionEnabled: false, pageLoadStrategy: normal, platform: MAC, platformName: MAC, proxy: Proxy(), setWindowRect: true, strictFileInteractability: false, timeouts: {implicit: 0, pageLoad: 300000, script: 30000}, unhandledPromptBehavior: dismiss and notify, webauthn:extension:largeBlob: true, webauthn:virtualAuthenticators: true}
Session ID: 273e552fda393d883f1c6fd084f39942
*** Element info: {Using=css selector, value=[alt="Gulliver's Travels"]}]]>
            </message>
            <full-stacktrace>
              <![CDATA[org.openqa.selenium.NoSuchElementException: no such element: Unable to locate element: {"method":"css selector","selector":"[alt="Gulliver's Travels"]"}
  (Session info: chrome=91.0.4472.106)
For documentation on this error, please visit: http://seleniumhq.org/exceptions/no_such_element.html
Build info: version: '3.14.0', revision: 'aacccce0', time: '2018-08-02T20:19:58.91Z'
System info: host: 'C02T42NUG8WN', ip: '2409:4071:211a:233:e1b3:550a:3da8:e798%en0', os.name: 'Mac OS X', os.arch: 'x86_64', os.version: '10.16', java.version: '1.8.0_271'
Driver info: org.openqa.selenium.chrome.ChromeDriver
Capabilities {acceptInsecureCerts: false, browserName: chrome, browserVersion: 91.0.4472.106, chrome: {chromedriverVersion: 91.0.4472.19 (1bf021f248676..., userDataDir: /var/folders/7g/zl2wsf3j4yz...}, goog:chromeOptions: {debuggerAddress: localhost:49217}, javascriptEnabled: true, networkConnectionEnabled: false, pageLoadStrategy: normal, platform: MAC, platformName: MAC, proxy: Proxy(), setWindowRect: true, strictFileInteractability: false, timeouts: {implicit: 0, pageLoad: 300000, script: 30000}, unhandledPromptBehavior: dismiss and notify, webauthn:extension:largeBlob: true, webauthn:virtualAuthenticators: true}
Session ID: 273e552fda393d883f1c6fd084f39942
*** Element info: {Using=css selector, value=[alt="Gulliver's Travels"]}
at sun.reflect.NativeConstructorAccessorImpl.newInstance0(Native Method)
at sun.reflect.NativeConstructorAccessorImpl.newInstance(NativeConstructorAccessorImpl.java:62)
at sun.reflect.DelegatingConstructorAccessorImpl.newInstance(DelegatingConstructorAccessorImpl.java:45)
at java.lang.reflect.Constructor.newInstance(Constructor.java:423)
at org.openqa.selenium.remote.http.W3CHttpResponseCodec.createException(W3CHttpResponseCodec.java:187)
at org.openqa.selenium.remote.http.W3CHttpResponseCodec.decode(W3CHttpResponseCodec.java:122)
at org.openqa.selenium.remote.http.W3CHttpResponseCodec.decode(W3CHttpResponseCodec.java:49)
at org.openqa.selenium.remote.HttpCommandExecutor.execute(HttpCommandExecutor.java:158)
at org.openqa.selenium.remote.service.DriverCommandExecutor.execute(DriverCommandExecutor.java:83)
at org.openqa.selenium.remote.RemoteWebDriver.execute(RemoteWebDriver.java:548)
at org.openqa.selenium.remote.RemoteWebDriver.findElement(RemoteWebDriver.java:322)
at org.openqa.selenium.remote.RemoteWebDriver.findElementByCssSelector(RemoteWebDriver.java:416)
at org.openqa.selenium.By$ByCssSelector.findElement(By.java:431)
at org.openqa.selenium.remote.RemoteWebDriver.findElement(RemoteWebDriver.java:314)
at org.openqa.selenium.support.pagefactory.DefaultElementLocator.findElement(DefaultElementLocator.java:69)
at org.openqa.selenium.support.pagefactory.internal.LocatingElementHandler.invoke(LocatingElementHandler.java:38)
at com.sun.proxy.$Proxy10.click(Unknown Source)
at TestPackage.Pages.LandingPage.selectMovie(LandingPage.java:42)
at TestPackage.TestCases.LandingPageTests.validateSelectingAnyMovie(LandingPageTests.java:30)
at sun.reflect.NativeMethodAccessorImpl.invoke0(Native Method)
at sun.reflect.NativeMethodAccessorImpl.invoke(NativeMethodAccessorImpl.java:62)
at sun.reflect.DelegatingMethodAccessorImpl.invoke(DelegatingMethodAccessorImpl.java:43)
at java.lang.reflect.Method.invoke(Method.java:498)
at org.testng.internal.MethodInvocationHelper.invokeMethod(MethodInvocationHelper.java:124)
at org.testng.internal.Invoker.invokeMethod(Invoker.java:583)
at org.testng.internal.Invoker.invokeTestMethod(Invoker.java:719)
at org.testng.internal.Invoker.invokeTestMethods(Invoker.java:989)
at org.testng.internal.TestMethodWorker.invokeTestMethods(TestMethodWorker.java:125)
at org.testng.internal.TestMethodWorker.run(TestMethodWorker.java:109)
at org.testng.TestRunner.privateRun(TestRunner.java:648)
at org.testng.TestRunner.run(TestRunner.java:505)
at org.testng.SuiteRunner.runTest(SuiteRunner.java:455)
at org.testng.SuiteRunner.runSequentially(SuiteRunner.java:450)
at org.testng.SuiteRunner.privateRun(SuiteRunner.java:415)
at org.testng.SuiteRunner.run(SuiteRunner.java:364)
at org.testng.SuiteRunnerWorker.runSuite(SuiteRunnerWorker.java:52)
at org.testng.SuiteRunnerWorker.run(SuiteRunnerWorker.java:84)
at org.testng.TestNG.runSuitesSequentially(TestNG.java:1208)
at org.testng.TestNG.runSuitesLocally(TestNG.java:1137)
at org.testng.TestNG.runSuites(TestNG.java:1049)
at org.testng.TestNG.run(TestNG.java:1017)
at org.testng.remote.AbstractRemoteTestNG.run(AbstractRemoteTestNG.java:115)
at org.testng.remote.RemoteTestNG.initAndRun(RemoteTestNG.java:251)
at org.testng.remote.RemoteTestNG.main(RemoteTestNG.java:77)
]]>
            </full-stacktrace>
          </exception> <!-- org.openqa.selenium.NoSuchElementException -->
          <reporter-output>
          </reporter-output>
        </test-method> <!-- validateSelectingAnyMovie -->
        <test-method status="PASS" signature="reloadLandingPage()[pri:0, instance:TestPackage.TestCases.LandingPageTests@769e7ee8]" name="reloadLandingPage" is-config="true" duration-ms="4190" started-at="2021-06-16T12:26:49Z" finished-at="2021-06-16T12:26:53Z">
          <reporter-output>
          </reporter-output>
        </test-method> <!-- reloadLandingPage -->
        <test-method status="PASS" signature="tearDown(org.testng.ITestResult)[pri:0, instance:TestPackage.TestCases.LandingPageTests@769e7ee8]" name="tearDown" is-config="true" duration-ms="3471" started-at="2021-06-16T12:26:53Z" finished-at="2021-06-16T12:26:57Z">
          <params>
            <param index="0">
              <value>
                <![CDATA[[TestResult name=validateSelectingAnyMovie status=FAILURE method=LandingPageTests.validateSelectingAnyMovie()[pri:2, instance:TestPackage.TestCases.LandingPageTests@769e7ee8] output={null}]]]>
              </value>
            </param>
          </params>
          <reporter-output>
          </reporter-output>
        </test-method> <!-- tearDown -->
        <test-method status="PASS" signature="validateSearchingAnyMovie()[pri:3, instance:TestPackage.TestCases.LandingPageTests@769e7ee8]" name="validateSearchingAnyMovie" duration-ms="7227" started-at="2021-06-16T12:26:57Z" finished-at="2021-06-16T12:27:04Z">
          <reporter-output>
          </reporter-output>
        </test-method> <!-- validateSearchingAnyMovie -->
        <test-method status="PASS" signature="reloadLandingPage()[pri:0, instance:TestPackage.TestCases.LandingPageTests@769e7ee8]" name="reloadLandingPage" is-config="true" duration-ms="4008" started-at="2021-06-16T12:27:04Z" finished-at="2021-06-16T12:27:08Z">
          <reporter-output>
          </reporter-output>
        </test-method> <!-- reloadLandingPage -->
        <test-method status="PASS" signature="tearDown(org.testng.ITestResult)[pri:0, instance:TestPackage.TestCases.LandingPageTests@769e7ee8]" name="tearDown" is-config="true" duration-ms="2055" started-at="2021-06-16T12:27:08Z" finished-at="2021-06-16T12:27:10Z">
          <params>
            <param index="0">
              <value>
                <![CDATA[[TestResult name=validateSearchingAnyMovie status=SUCCESS method=LandingPageTests.validateSearchingAnyMovie()[pri:3, instance:TestPackage.TestCases.LandingPageTests@769e7ee8] output={null}]]]>
              </value>
            </param>
          </params>
          <reporter-output>
          </reporter-output>
        </test-method> <!-- tearDown -->
        <test-method status="PASS" signature="validatePagination()[pri:4, instance:TestPackage.TestCases.LandingPageTests@769e7ee8]" name="validatePagination" duration-ms="2113" started-at="2021-06-16T12:27:10Z" finished-at="2021-06-16T12:27:12Z">
          <reporter-output>
          </reporter-output>
        </test-method> <!-- validatePagination -->
        <test-method status="PASS" signature="reloadLandingPage()[pri:0, instance:TestPackage.TestCases.LandingPageTests@769e7ee8]" name="reloadLandingPage" is-config="true" duration-ms="3415" started-at="2021-06-16T12:27:12Z" finished-at="2021-06-16T12:27:16Z">
          <reporter-output>
          </reporter-output>
        </test-method> <!-- reloadLandingPage -->
        <test-method status="PASS" signature="tearDown(org.testng.ITestResult)[pri:0, instance:TestPackage.TestCases.LandingPageTests@769e7ee8]" name="tearDown" is-config="true" duration-ms="2035" started-at="2021-06-16T12:27:16Z" finished-at="2021-06-16T12:27:18Z">
          <params>
            <param index="0">
              <value>
                <![CDATA[[TestResult name=validatePagination status=SUCCESS method=LandingPageTests.validatePagination()[pri:4, instance:TestPackage.TestCases.LandingPageTests@769e7ee8] output={null}]]]>
              </value>
            </param>
          </params>
          <reporter-output>
          </reporter-output>
        </test-method> <!-- tearDown -->
        <test-method status="FAIL" signature="validateDeletingMovie()[pri:5, instance:TestPackage.TestCases.LandingPageTests@769e7ee8]" name="validateDeletingMovie" duration-ms="30078" started-at="2021-06-16T12:27:18Z" finished-at="2021-06-16T12:27:48Z">
          <exception class="org.openqa.selenium.NoSuchElementException">
            <message>
              <![CDATA[no such element: Unable to locate element: {"method":"css selector","selector":"[alt="Gulliver's Travels"]"}
  (Session info: chrome=91.0.4472.106)
For documentation on this error, please visit: http://seleniumhq.org/exceptions/no_such_element.html
Build info: version: '3.14.0', revision: 'aacccce0', time: '2018-08-02T20:19:58.91Z'
System info: host: 'C02T42NUG8WN', ip: '2409:4071:211a:233:e1b3:550a:3da8:e798%en0', os.name: 'Mac OS X', os.arch: 'x86_64', os.version: '10.16', java.version: '1.8.0_271'
Driver info: org.openqa.selenium.chrome.ChromeDriver
Capabilities {acceptInsecureCerts: false, browserName: chrome, browserVersion: 91.0.4472.106, chrome: {chromedriverVersion: 91.0.4472.19 (1bf021f248676..., userDataDir: /var/folders/7g/zl2wsf3j4yz...}, goog:chromeOptions: {debuggerAddress: localhost:49217}, javascriptEnabled: true, networkConnectionEnabled: false, pageLoadStrategy: normal, platform: MAC, platformName: MAC, proxy: Proxy(), setWindowRect: true, strictFileInteractability: false, timeouts: {implicit: 0, pageLoad: 300000, script: 30000}, unhandledPromptBehavior: dismiss and notify, webauthn:extension:largeBlob: true, webauthn:virtualAuthenticators: true}
Session ID: 273e552fda393d883f1c6fd084f39942
*** Element info: {Using=css selector, value=[alt="Gulliver's Travels"]}]]>
            </message>
            <full-stacktrace>
              <![CDATA[org.openqa.selenium.NoSuchElementException: no such element: Unable to locate element: {"method":"css selector","selector":"[alt="Gulliver's Travels"]"}
  (Session info: chrome=91.0.4472.106)
For documentation on this error, please visit: http://seleniumhq.org/exceptions/no_such_element.html
Build info: version: '3.14.0', revision: 'aacccce0', time: '2018-08-02T20:19:58.91Z'
System info: host: 'C02T42NUG8WN', ip: '2409:4071:211a:233:e1b3:550a:3da8:e798%en0', os.name: 'Mac OS X', os.arch: 'x86_64', os.version: '10.16', java.version: '1.8.0_271'
Driver info: org.openqa.selenium.chrome.ChromeDriver
Capabilities {acceptInsecureCerts: false, browserName: chrome, browserVersion: 91.0.4472.106, chrome: {chromedriverVersion: 91.0.4472.19 (1bf021f248676..., userDataDir: /var/folders/7g/zl2wsf3j4yz...}, goog:chromeOptions: {debuggerAddress: localhost:49217}, javascriptEnabled: true, networkConnectionEnabled: false, pageLoadStrategy: normal, platform: MAC, platformName: MAC, proxy: Proxy(), setWindowRect: true, strictFileInteractability: false, timeouts: {implicit: 0, pageLoad: 300000, script: 30000}, unhandledPromptBehavior: dismiss and notify, webauthn:extension:largeBlob: true, webauthn:virtualAuthenticators: true}
Session ID: 273e552fda393d883f1c6fd084f39942
*** Element info: {Using=css selector, value=[alt="Gulliver's Travels"]}
at sun.reflect.NativeConstructorAccessorImpl.newInstance0(Native Method)
at sun.reflect.NativeConstructorAccessorImpl.newInstance(NativeConstructorAccessorImpl.java:62)
at sun.reflect.DelegatingConstructorAccessorImpl.newInstance(DelegatingConstructorAccessorImpl.java:45)
at java.lang.reflect.Constructor.newInstance(Constructor.java:423)
at org.openqa.selenium.remote.http.W3CHttpResponseCodec.createException(W3CHttpResponseCodec.java:187)
at org.openqa.selenium.remote.http.W3CHttpResponseCodec.decode(W3CHttpResponseCodec.java:122)
at org.openqa.selenium.remote.http.W3CHttpResponseCodec.decode(W3CHttpResponseCodec.java:49)
at org.openqa.selenium.remote.HttpCommandExecutor.execute(HttpCommandExecutor.java:158)
at org.openqa.selenium.remote.service.DriverCommandExecutor.execute(DriverCommandExecutor.java:83)
at org.openqa.selenium.remote.RemoteWebDriver.execute(RemoteWebDriver.java:548)
at org.openqa.selenium.remote.RemoteWebDriver.findElement(RemoteWebDriver.java:322)
at org.openqa.selenium.remote.RemoteWebDriver.findElementByCssSelector(RemoteWebDriver.java:416)
at org.openqa.selenium.By$ByCssSelector.findElement(By.java:431)
at org.openqa.selenium.remote.RemoteWebDriver.findElement(RemoteWebDriver.java:314)
at org.openqa.selenium.support.pagefactory.DefaultElementLocator.findElement(DefaultElementLocator.java:69)
at org.openqa.selenium.support.pagefactory.internal.LocatingElementHandler.invoke(LocatingElementHandler.java:38)
at com.sun.proxy.$Proxy10.click(Unknown Source)
at TestPackage.Pages.LandingPage.selectMovie(LandingPage.java:42)
at TestPackage.Pages.LandingPage.deleteMovie(LandingPage.java:77)
at TestPackage.TestCases.LandingPageTests.validateDeletingMovie(LandingPageTests.java:62)
at sun.reflect.NativeMethodAccessorImpl.invoke0(Native Method)
at sun.reflect.NativeMethodAccessorImpl.invoke(NativeMethodAccessorImpl.java:62)
at sun.reflect.DelegatingMethodAccessorImpl.invoke(DelegatingMethodAccessorImpl.java:43)
at java.lang.reflect.Method.invoke(Method.java:498)
at org.testng.internal.MethodInvocationHelper.invokeMethod(MethodInvocationHelper.java:124)
at org.testng.internal.Invoker.invokeMethod(Invoker.java:583)
at org.testng.internal.Invoker.invokeTestMethod(Invoker.java:719)
at org.testng.internal.Invoker.invokeTestMethods(Invoker.java:989)
at org.testng.internal.TestMethodWorker.invokeTestMethods(TestMethodWorker.java:125)
at org.testng.internal.TestMethodWorker.run(TestMethodWorker.java:109)
at org.testng.TestRunner.privateRun(TestRunner.java:648)
at org.testng.TestRunner.run(TestRunner.java:505)
at org.testng.SuiteRunner.runTest(SuiteRunner.java:455)
at org.testng.SuiteRunner.runSequentially(SuiteRunner.java:450)
at org.testng.SuiteRunner.privateRun(SuiteRunner.java:415)
at org.testng.SuiteRunner.run(SuiteRunner.java:364)
at org.testng.SuiteRunnerWorker.runSuite(SuiteRunnerWorker.java:52)
at org.testng.SuiteRunnerWorker.run(SuiteRunnerWorker.java:84)
at org.testng.TestNG.runSuitesSequentially(TestNG.java:1208)
at org.testng.TestNG.runSuitesLocally(TestNG.java:1137)
at org.testng.TestNG.runSuites(TestNG.java:1049)
at org.testng.TestNG.run(TestNG.java:1017)
at org.testng.remote.AbstractRemoteTestNG.run(AbstractRemoteTestNG.java:115)
at org.testng.remote.RemoteTestNG.initAndRun(RemoteTestNG.java:251)
at org.testng.remote.RemoteTestNG.main(RemoteTestNG.java:77)
]]>
            </full-stacktrace>
          </exception> <!-- org.openqa.selenium.NoSuchElementException -->
          <reporter-output>
          </reporter-output>
        </test-method> <!-- validateDeletingMovie -->
        <test-method status="PASS" signature="reloadLandingPage()[pri:0, instance:TestPackage.TestCases.LandingPageTests@769e7ee8]" name="reloadLandingPage" is-config="true" duration-ms="3345" started-at="2021-06-16T12:27:48Z" finished-at="2021-06-16T12:27:51Z">
          <reporter-output>
          </reporter-output>
        </test-method> <!-- reloadLandingPage -->
        <test-method status="PASS" signature="tearDown(org.testng.ITestResult)[pri:0, instance:TestPackage.TestCases.LandingPageTests@769e7ee8]" name="tearDown" is-config="true" duration-ms="3380" started-at="2021-06-16T12:27:51Z" finished-at="2021-06-16T12:27:55Z">
          <params>
            <param index="0">
              <value>
                <![CDATA[[TestResult name=validateDeletingMovie status=FAILURE method=LandingPageTests.validateDeletingMovie()[pri:5, instance:TestPackage.TestCases.LandingPageTests@769e7ee8] output={null}]]]>
              </value>
            </param>
          </params>
          <reporter-output>
          </reporter-output>
        </test-method> <!-- tearDown -->
        <test-method status="PASS" signature="quitDriver()[pri:0, instance:TestPackage.TestCases.LandingPageTests@769e7ee8]" name="quitDriver" is-config="true" duration-ms="161" started-at="2021-06-16T12:27:55Z" finished-at="2021-06-16T12:27:55Z">
          <reporter-output>
          </reporter-output>
        </test-method> <!-- quitDriver -->
      </class> <!-- TestPackage.TestCases.LandingPageTests -->
    </test> <!-- SampleTest -->
  </suite> <!-- SampleSuite -->
</testng-results>
